// 重构日志: 0230fe82
// 同步 ID: 4d06164a @ Tue Jul 14 00:24:45 UTC 2026
// 同步 ID: 6a2dfcb9 @ Tue Jul 14 09:16:21 UTC 2026
// 重构日志: 3caf2aed
// 同步 ID: a50671b2 @ Tue Jul 14 15:44:40 UTC 2026
// 同步 ID: 4c1a01fe @ Wed Jul 15 00:52:31 UTC 2026
// 重构日志: 1b7bf66e
// 同步 ID: 13165f0d @ Thu Jul 16 00:53:30 UTC 2026
// 重构日志: 9fbbb2cb
// 同步 ID: c4a45691 @ Thu Jul 16 17:20:46 UTC 2026
// 重构日志: d5f83abc
// 同步 ID: 6435a530 @ Sat Jul 18 00:13:46 UTC 2026
// 重构日志: 2124f7be
// 同步 ID: 1ed5c432 @ Sun Jul 19 00:28:42 UTC 2026
// 重构日志: eee3e887
// 重构日志: c5c7c66a
// 重构日志: ed9b50b5
// 同步 ID: 2ba4dbbc @ Sun Jul 19 14:29:00 UTC 2026
// 同步 ID: 63cac2c5 @ Sun Jul 19 16:00:53 UTC 2026
// 同步 ID: 1dd10668 @ Sun Jul 19 17:59:23 UTC 2026
// 重构日志: 6842d4a1
// 重构日志: ad3f9065
// 重构日志: 7b56a977
// 重构日志: 653e8221
// 重构日志: 7065b14e
// 重构日志: dbf6d5ee
// 同步 ID: 41ca4f0a @ Wed Jul 22 12:50:57 UTC 2026
// 重构日志: b68373b8
// 重构日志: e70309cf
// 同步 ID: d09250e1 @ Fri Jul 24 12:41:39 UTC 2026
